0 info it worked if it ends with ok
1 verbose cli [ '/usr/bin/nodejs',
1 verbose cli   '/usr/bin/npm',
1 verbose cli   'install',
1 verbose cli   'express-generator' ]
2 info using npm@3.5.2
3 info using node@v4.2.6
4 verbose config Skipping project config: /home/zhardy/.npmrc. (matches userconfig)
5 silly loadCurrentTree Starting
6 silly install loadCurrentTree
7 silly install readLocalPackageData
8 silly fetchPackageMetaData express-generator
9 silly fetchNamedPackageData express-generator
10 silly mapToRegistry name express-generator
11 silly mapToRegistry using default registry
12 silly mapToRegistry registry https://registry.npmjs.org/
13 silly mapToRegistry uri https://registry.npmjs.org/express-generator
14 verbose request uri https://registry.npmjs.org/express-generator
15 verbose request no auth needed
16 info attempt registry request try #1 at 5:53:58 PM
17 verbose request id 1df8836fbd3764cb
18 verbose etag W/"5844f4e9-8dc5"
19 verbose lastModified Mon, 05 Dec 2016 05:02:33 GMT
20 http request GET https://registry.npmjs.org/express-generator
21 http 304 https://registry.npmjs.org/express-generator
22 verbose headers { date: 'Fri, 30 Dec 2016 22:53:58 GMT',
22 verbose headers   via: '1.1 varnish',
22 verbose headers   'cache-control': 'max-age=300',
22 verbose headers   etag: 'W/"5844f4e9-8dc5"',
22 verbose headers   age: '0',
22 verbose headers   connection: 'keep-alive',
22 verbose headers   'x-served-by': 'cache-iad2143-IAD',
22 verbose headers   'x-cache': 'HIT',
22 verbose headers   'x-cache-hits': '1',
22 verbose headers   'x-timer': 'S1483138438.521017,VS0,VE44',
22 verbose headers   vary: 'Accept-Encoding' }
23 silly get cb [ 304,
23 silly get   { date: 'Fri, 30 Dec 2016 22:53:58 GMT',
23 silly get     via: '1.1 varnish',
23 silly get     'cache-control': 'max-age=300',
23 silly get     etag: 'W/"5844f4e9-8dc5"',
23 silly get     age: '0',
23 silly get     connection: 'keep-alive',
23 silly get     'x-served-by': 'cache-iad2143-IAD',
23 silly get     'x-cache': 'HIT',
23 silly get     'x-cache-hits': '1',
23 silly get     'x-timer': 'S1483138438.521017,VS0,VE44',
23 silly get     vary: 'Accept-Encoding' } ]
24 verbose etag https://registry.npmjs.org/express-generator from cache
25 verbose get saving express-generator to /home/zhardy/.npm/registry.npmjs.org/express-generator/.cache.json
26 silly install normalizeTree
27 silly loadCurrentTree Finishing
28 silly loadIdealTree Starting
29 silly install loadIdealTree
30 silly cloneCurrentTree Starting
31 silly install cloneCurrentTreeToIdealTree
32 silly cloneCurrentTree Finishing
33 silly loadShrinkwrap Starting
34 silly install loadShrinkwrap
35 silly loadShrinkwrap Finishing
36 silly loadAllDepsIntoIdealTree Starting
37 silly install loadAllDepsIntoIdealTree
38 silly resolveWithNewModule express-generator@4.14.0 checking installable status
39 silly cache add args [ 'express-generator', null ]
40 verbose cache add spec express-generator
41 silly cache add parsed spec Result {
41 silly cache add   raw: 'express-generator',
41 silly cache add   scope: null,
41 silly cache add   name: 'express-generator',
41 silly cache add   rawSpec: '',
41 silly cache add   spec: 'latest',
41 silly cache add   type: 'tag' }
42 silly addNamed express-generator@latest
43 verbose addNamed "latest" is being treated as a dist-tag for express-generator
44 info addNameTag [ 'express-generator', 'latest' ]
45 silly mapToRegistry name express-generator
46 silly mapToRegistry using default registry
47 silly mapToRegistry registry https://registry.npmjs.org/
48 silly mapToRegistry uri https://registry.npmjs.org/express-generator
49 verbose addNameTag registry:https://registry.npmjs.org/express-generator not in flight; fetching
50 verbose get https://registry.npmjs.org/express-generator not expired, no request
51 silly addNameTag next cb for express-generator with tag latest
52 silly addNamed express-generator@4.14.0
53 verbose addNamed "4.14.0" is a plain semver version for express-generator
54 silly cache afterAdd express-generator@4.14.0
55 verbose afterAdd /home/zhardy/.npm/express-generator/4.14.0/package/package.json not in flight; writing
56 verbose afterAdd /home/zhardy/.npm/express-generator/4.14.0/package/package.json written
57 silly fetchNamedPackageData commander
58 silly mapToRegistry name commander
59 silly mapToRegistry using default registry
60 silly mapToRegistry registry https://registry.npmjs.org/
61 silly mapToRegistry uri https://registry.npmjs.org/commander
62 silly fetchNamedPackageData mkdirp
63 silly mapToRegistry name mkdirp
64 silly mapToRegistry using default registry
65 silly mapToRegistry registry https://registry.npmjs.org/
66 silly mapToRegistry uri https://registry.npmjs.org/mkdirp
67 silly fetchNamedPackageData sorted-object
68 silly mapToRegistry name sorted-object
69 silly mapToRegistry using default registry
70 silly mapToRegistry registry https://registry.npmjs.org/
71 silly mapToRegistry uri https://registry.npmjs.org/sorted-object
72 verbose request uri https://registry.npmjs.org/sorted-object
73 verbose request no auth needed
74 info attempt registry request try #1 at 5:53:58 PM
75 verbose etag W/"57d499b1-1545"
76 verbose lastModified Sat, 10 Sep 2016 23:39:29 GMT
77 http request GET https://registry.npmjs.org/sorted-object
78 verbose request uri https://registry.npmjs.org/commander
79 verbose request no auth needed
80 info attempt registry request try #1 at 5:53:58 PM
81 verbose etag W/"5866a44d-fdc1"
82 verbose lastModified Fri, 30 Dec 2016 18:15:41 GMT
83 http request GET https://registry.npmjs.org/commander
84 verbose request uri https://registry.npmjs.org/mkdirp
85 verbose request no auth needed
86 info attempt registry request try #1 at 5:53:58 PM
87 verbose etag W/"5865d59c-60cd"
88 verbose lastModified Fri, 30 Dec 2016 03:33:48 GMT
89 http request GET https://registry.npmjs.org/mkdirp
90 http 304 https://registry.npmjs.org/commander
91 verbose headers { date: 'Fri, 30 Dec 2016 22:53:58 GMT',
91 verbose headers   via: '1.1 varnish',
91 verbose headers   'cache-control': 'max-age=300',
91 verbose headers   etag: 'W/"5866a44d-fdc1"',
91 verbose headers   age: '172',
91 verbose headers   connection: 'keep-alive',
91 verbose headers   'x-served-by': 'cache-iad2145-IAD',
91 verbose headers   'x-cache': 'HIT',
91 verbose headers   'x-cache-hits': '11',
91 verbose headers   'x-timer': 'S1483138438.919817,VS0,VE0',
91 verbose headers   vary: 'Accept-Encoding' }
92 silly get cb [ 304,
92 silly get   { date: 'Fri, 30 Dec 2016 22:53:58 GMT',
92 silly get     via: '1.1 varnish',
92 silly get     'cache-control': 'max-age=300',
92 silly get     etag: 'W/"5866a44d-fdc1"',
92 silly get     age: '172',
92 silly get     connection: 'keep-alive',
92 silly get     'x-served-by': 'cache-iad2145-IAD',
92 silly get     'x-cache': 'HIT',
92 silly get     'x-cache-hits': '11',
92 silly get     'x-timer': 'S1483138438.919817,VS0,VE0',
92 silly get     vary: 'Accept-Encoding' } ]
93 verbose etag https://registry.npmjs.org/commander from cache
94 verbose get saving commander to /home/zhardy/.npm/registry.npmjs.org/commander/.cache.json
95 http 304 https://registry.npmjs.org/sorted-object
96 verbose headers { date: 'Fri, 30 Dec 2016 22:53:58 GMT',
96 verbose headers   via: '1.1 varnish',
96 verbose headers   'cache-control': 'max-age=300',
96 verbose headers   etag: 'W/"57d499b1-1545"',
96 verbose headers   age: '207',
96 verbose headers   connection: 'keep-alive',
96 verbose headers   'x-served-by': 'cache-iad2138-IAD',
96 verbose headers   'x-cache': 'HIT',
96 verbose headers   'x-cache-hits': '1',
96 verbose headers   'x-timer': 'S1483138438.921645,VS0,VE0',
96 verbose headers   vary: 'Accept-Encoding' }
97 silly get cb [ 304,
97 silly get   { date: 'Fri, 30 Dec 2016 22:53:58 GMT',
97 silly get     via: '1.1 varnish',
97 silly get     'cache-control': 'max-age=300',
97 silly get     etag: 'W/"57d499b1-1545"',
97 silly get     age: '207',
97 silly get     connection: 'keep-alive',
97 silly get     'x-served-by': 'cache-iad2138-IAD',
97 silly get     'x-cache': 'HIT',
97 silly get     'x-cache-hits': '1',
97 silly get     'x-timer': 'S1483138438.921645,VS0,VE0',
97 silly get     vary: 'Accept-Encoding' } ]
98 verbose etag https://registry.npmjs.org/sorted-object from cache
99 verbose get saving sorted-object to /home/zhardy/.npm/registry.npmjs.org/sorted-object/.cache.json
100 silly resolveWithNewModule commander@2.9.0 checking installable status
101 silly cache add args [ 'commander@2.9.0', null ]
102 verbose cache add spec commander@2.9.0
103 silly cache add parsed spec Result {
103 silly cache add   raw: 'commander@2.9.0',
103 silly cache add   scope: null,
103 silly cache add   name: 'commander',
103 silly cache add   rawSpec: '2.9.0',
103 silly cache add   spec: '2.9.0',
103 silly cache add   type: 'version' }
104 silly addNamed commander@2.9.0
105 verbose addNamed "2.9.0" is a plain semver version for commander
106 silly mapToRegistry name commander
107 silly mapToRegistry using default registry
108 silly mapToRegistry registry https://registry.npmjs.org/
109 silly mapToRegistry uri https://registry.npmjs.org/commander
110 verbose addNameVersion registry:https://registry.npmjs.org/commander not in flight; fetching
111 silly resolveWithNewModule sorted-object@2.0.0 checking installable status
112 silly cache add args [ 'sorted-object@2.0.0', null ]
113 verbose cache add spec sorted-object@2.0.0
114 silly cache add parsed spec Result {
114 silly cache add   raw: 'sorted-object@2.0.0',
114 silly cache add   scope: null,
114 silly cache add   name: 'sorted-object',
114 silly cache add   rawSpec: '2.0.0',
114 silly cache add   spec: '2.0.0',
114 silly cache add   type: 'version' }
115 silly addNamed sorted-object@2.0.0
116 verbose addNamed "2.0.0" is a plain semver version for sorted-object
117 silly mapToRegistry name sorted-object
118 silly mapToRegistry using default registry
119 silly mapToRegistry registry https://registry.npmjs.org/
120 silly mapToRegistry uri https://registry.npmjs.org/sorted-object
121 verbose addNameVersion registry:https://registry.npmjs.org/sorted-object not in flight; fetching
122 verbose get https://registry.npmjs.org/commander not expired, no request
123 verbose get https://registry.npmjs.org/sorted-object not expired, no request
124 silly mapToRegistry name sorted-object
125 silly mapToRegistry using default registry
126 silly mapToRegistry registry https://registry.npmjs.org/
127 silly mapToRegistry uri https://registry.npmjs.org/sorted-object
128 verbose addRemoteTarball https://registry.npmjs.org/sorted-object/-/sorted-object-2.0.0.tgz not in flight; adding
129 verbose addRemoteTarball [ 'https://registry.npmjs.org/sorted-object/-/sorted-object-2.0.0.tgz',
129 verbose addRemoteTarball   '1cfea981609047d8043807a490a9d99b317faf7f' ]
130 silly cache afterAdd commander@2.9.0
131 verbose afterAdd /home/zhardy/.npm/commander/2.9.0/package/package.json not in flight; writing
132 info retry fetch attempt 1 at 5:53:58 PM
133 info attempt registry request try #1 at 5:53:58 PM
134 http fetch GET https://registry.npmjs.org/sorted-object/-/sorted-object-2.0.0.tgz
135 verbose afterAdd /home/zhardy/.npm/commander/2.9.0/package/package.json written
136 http 304 https://registry.npmjs.org/mkdirp
137 verbose headers { date: 'Fri, 30 Dec 2016 22:53:58 GMT',
137 verbose headers   via: '1.1 varnish',
137 verbose headers   'cache-control': 'max-age=300',
137 verbose headers   etag: 'W/"5865d59c-60cd"',
137 verbose headers   age: '204',
137 verbose headers   connection: 'keep-alive',
137 verbose headers   'x-served-by': 'cache-iad2134-IAD',
137 verbose headers   'x-cache': 'HIT',
137 verbose headers   'x-cache-hits': '5',
137 verbose headers   'x-timer': 'S1483138438.943743,VS0,VE0',
137 verbose headers   vary: 'Accept-Encoding' }
138 silly get cb [ 304,
138 silly get   { date: 'Fri, 30 Dec 2016 22:53:58 GMT',
138 silly get     via: '1.1 varnish',
138 silly get     'cache-control': 'max-age=300',
138 silly get     etag: 'W/"5865d59c-60cd"',
138 silly get     age: '204',
138 silly get     connection: 'keep-alive',
138 silly get     'x-served-by': 'cache-iad2134-IAD',
138 silly get     'x-cache': 'HIT',
138 silly get     'x-cache-hits': '5',
138 silly get     'x-timer': 'S1483138438.943743,VS0,VE0',
138 silly get     vary: 'Accept-Encoding' } ]
139 verbose etag https://registry.npmjs.org/mkdirp from cache
140 verbose get saving mkdirp to /home/zhardy/.npm/registry.npmjs.org/mkdirp/.cache.json
141 silly resolveWithNewModule mkdirp@0.5.1 checking installable status
142 silly cache add args [ 'mkdirp@0.5.1', null ]
143 verbose cache add spec mkdirp@0.5.1
144 silly cache add parsed spec Result {
144 silly cache add   raw: 'mkdirp@0.5.1',
144 silly cache add   scope: null,
144 silly cache add   name: 'mkdirp',
144 silly cache add   rawSpec: '0.5.1',
144 silly cache add   spec: '0.5.1',
144 silly cache add   type: 'version' }
145 silly addNamed mkdirp@0.5.1
146 verbose addNamed "0.5.1" is a plain semver version for mkdirp
147 silly mapToRegistry name mkdirp
148 silly mapToRegistry using default registry
149 silly mapToRegistry registry https://registry.npmjs.org/
150 silly mapToRegistry uri https://registry.npmjs.org/mkdirp
151 verbose addNameVersion registry:https://registry.npmjs.org/mkdirp not in flight; fetching
152 verbose get https://registry.npmjs.org/mkdirp not expired, no request
153 silly cache afterAdd mkdirp@0.5.1
154 verbose afterAdd /home/zhardy/.npm/mkdirp/0.5.1/package/package.json not in flight; writing
155 verbose afterAdd /home/zhardy/.npm/mkdirp/0.5.1/package/package.json written
156 http fetch 200 https://registry.npmjs.org/sorted-object/-/sorted-object-2.0.0.tgz
157 silly fetchAndShaCheck shasum 1cfea981609047d8043807a490a9d99b317faf7f
158 verbose addTmpTarball /tmp/npm-3069-472d99bb/registry.npmjs.org/sorted-object/-/sorted-object-2.0.0.tgz not in flight; adding
159 verbose addTmpTarball already have metadata; skipping unpack for sorted-object@2.0.0
160 silly rollbackFailedOptional Starting
161 silly rollbackFailedOptional Finishing
162 silly runTopLevelLifecycles Starting
163 silly runTopLevelLifecycles Finishing
164 silly install printInstalled
165 verbose stack Error: EACCES: permission denied, mkdir '/home/zhardy/.npm/sorted-object/2.0.0'
165 verbose stack     at Error (native)
166 verbose cwd /home/zhardy/programming/rest_api_gen/python
167 error Linux 4.4.0-47-generic
168 error argv "/usr/bin/nodejs" "/usr/bin/npm" "install" "express-generator"
169 error node v4.2.6
170 error npm  v3.5.2
171 error path /home/zhardy/.npm/sorted-object/2.0.0
172 error code EACCES
173 error errno -13
174 error syscall mkdir
175 error Error: EACCES: permission denied, mkdir '/home/zhardy/.npm/sorted-object/2.0.0'
175 error     at Error (native)
175 error  { [Error: EACCES: permission denied, mkdir '/home/zhardy/.npm/sorted-object/2.0.0']
175 error   errno: -13,
175 error   code: 'EACCES',
175 error   syscall: 'mkdir',
175 error   path: '/home/zhardy/.npm/sorted-object/2.0.0',
175 error   parent: 'express-generator' }
176 error Please try running this command again as root/Administrator.
177 verbose exit [ -13, true ]
